Importing 129 album(s), concurrency 10…

■ My Folders / TGX / TGX 2025 — 106 photos
■ My Folders / TGX / TGX 2023 — 108 photos
   … 100 imported (0 failed) — 13/min, ~2.0GB
■ My Folders / TGX / TGX 2022 — 106 photos
   … 200 imported (0 failed) — 25/min, ~4.0GB
■ My Folders / TGX / TGX 2024 — 102 photos
   … 300 imported (0 failed) — 36/min, ~6.0GB
■ My Folders / Ministry Shots / Ministry Shots / Ministry Shots 2025 — 231 photos
   … 400 imported (0 failed) — 46/min, ~8.0GB
   … 500 imported (0 failed) — 54/min, ~10.0GB
   … 600 imported (0 failed) — 61/min, ~12.0GB
■ My Folders / Local Missions / Swahili Baptist Church 2026 — 32 photos
■ My Folders / Church Life / Candids / Classrooms, Kids, People, Foyer, Mother's Day — 835 photos
   … 700 imported (0 failed) — 67/min, ~14.0GB
   … 800 imported (0 failed) — 72/min, ~16.0GB
   … 900 imported (0 failed) — 78/min, ~18.0GB
   … 1000 imported (0 failed) — 82/min, ~20.0GB
   … 1100 imported (0 failed) — 87/min, ~22.0GB
   … 1200 imported (0 failed) — 91/min, ~24.0GB
   … 1300 imported (0 failed) — 93/min, ~26.0GB
   … 1400 imported (0 failed) — 96/min, ~28.0GB
■ My Folders / Church Life / Students / Serve Sunday / Serve Sunday 10.05.2025 — 83 photos
   … 1500 imported (0 failed) — 98/min, ~30.0GB
■ My Folders / Church Life / Women / Ladies Christmas Dinner 2025 / Ladies' Christmas Dinner Photos 2025 — 191 photos
   … 1600 imported (0 failed) — 101/min, ~32.0GB
   … 1700 imported (0 failed) — 106/min, ~34.0GB
■ My Folders / Church Life / Women / October Ladies' Connect 2025 — 87 photos
   … 1800 imported (0 failed) — 67/min, ~36.0GB
■ My Folders / Church Life / Women / Ladies' Fall Kick-Off 2025 — 49 photos
■ My Folders / Church Life / Good Friday 2026 — 63 photos
   … 1900 imported (0 failed) — 70/min, ~38.0GB
■ My Folders / Church Life / Jersey Sunday 2024 — 63 photos
   … 2000 imported (0 failed) — 73/min, ~40.0GB
■ My Folders / Church Life / Soteria University — 50 photos
■ My Folders / Staff & Deacons / 2024 / Fall 2024 — 78 photos
   … 2100 imported (0 failed) — 76/min, ~42.0GB
■ My Folders / Staff & Deacons / 2024 / Spring 2024 — 36 photos
■ My Folders / Building & Landscape / Building Shots 2025-2026 — 251 photos
   … 2200 imported (0 failed) — 79/min, ~44.0GB
   … 2300 imported (0 failed) — 81/min, ~46.0GB
   … 2400 imported (0 failed) — 84/min, ~48.0GB
■ My Folders / Building & Landscape / Winter — 36 photos
■ My Folders / Building & Landscape / Spring — 4 photos
■ My Folders / Historical Photos / Vintage Pics — 76 photos
   … 2500 imported (0 failed) — 86/min, ~50.0GB
■ My Folders / Missionaries and Organizations / Soteria Missionaries and Organizations — 21 photos
■ My Folders / Baptisms / 2026 / Baptism Sunday 01.25.2026 — 31 photos
■ My Folders / Baptisms / 2020 / 08.08.20 Baptisms — 13 photos
   … 2600 imported (0 failed) — 89/min, ~52.0GB
■ My Folders / Baptisms / 2022 / 09-01-22 Baptisms — 58 photos
■ My Folders / Baptisms / 2023 / 09-01-23 Baptisms — 80 photos
   … 2700 imported (0 failed) — 90/min, ~54.0GB
■ My Folders / Baptisms / 2024 / 09-08-24 Baptisms — 53 photos
■ My Folders / Baptisms / 2024 / 03-24-24 Baptisms, Starting Point — 306 photos
   … 2800 imported (0 failed) — 91/min, ~56.0GB
   … 2900 imported (0 failed) — 92/min, ~58.0GB
   … 3000 imported (0 failed) — 94/min, ~60.0GB
   … 3100 imported (0 failed) — 95/min, ~62.0GB
■ My Folders / Baptisms / 2024 / Baptisms 11-17-24 — 124 photos
   … 3200 imported (0 failed) — 94/min, ~64.0GB
■ My Folders / Baptisms / 2024 / 03-17-24 Baptisms — 262 photos
   … 3300 imported (0 failed) — 94/min, ~66.0GB
   … 3400 imported (0 failed) — 93/min, ~68.0GB
■ My Folders / Baptisms / 2024 / 01-28-24 Baptisms — 84 photos
   … 3500 imported (0 failed) — 93/min, ~70.0GB
■ My Folders / Baptisms / 2025 / Baptism Sunday 11.16.2025 — 429 photos
   … 3600 imported (0 failed) — 94/min, ~72.0GB
   … 3700 imported (0 failed) — 97/min, ~74.0GB
   … 3800 imported (0 failed) — 99/min, ~76.0GB
   … 3900 imported (0 failed) — 101/min, ~78.0GB
   … 4000 imported (0 failed) — 103/min, ~80.0GB
■ My Folders / Baptisms / 2025 / Baptism Sunday 09.07.2025 — 141 photos
   … 4100 imported (0 failed) — 106/min, ~82.0GB
■ My Folders / Baptisms / 2025 / 05-18-25 Baptisms — 267 photos
   … 4200 imported (0 failed) — 107/min, ~84.0GB
   … 4300 imported (0 failed) — 108/min, ~86.0GB
   … 4400 imported (0 failed) — 109/min, ~88.0GB
■ My Folders / Baptisms / 2025 / 08-17-2025 Baptisms — 71 photos
■ My Folders / Baptisms / 2025 / Baptisms 03-09-25 — 102 photos
   … 4500 imported (0 failed) — 110/min, ~90.0GB
   ! LRP-88.jpg: terminated
■ My Folders / Baptisms / 2025 / Baptisms 01-26-25 — 53 photos
   … 4600 imported (1 failed) — 109/min, ~92.0GB
■ My Folders / Baptisms / (PRIVATE) Baptisms — 19 photos
■ My Folders / Baptisms / Baptisms Easter 04.05.2026 — 165 photos
   … 4700 imported (1 failed) — 110/min, ~94.0GB
   ! Baptism-68.jpg: download 502
   … 4800 imported (2 failed) — 112/min, ~96.0GB
■ My Folders / Events / 2026 / Soteria Ladies / March Ladies Connect — 35 photos
■ My Folders / Events / 2026 / Soteria Ladies / Ladies PJs and Puzzles Night 01.06.2026 — 24 photos
■ My Folders / Events / 2026 / Grad Sunday 2026 — 180 photos
   … 4900 imported (2 failed) — 114/min, ~98.0GB
   … 5000 imported (2 failed) — 116/min, ~100.0GB
■ My Folders / Events / 2026 / Men's Conference 2026 — 90 photos
   … 5100 imported (2 failed) — 117/min, ~102.0GB
■ My Folders / Events / 2026 / Easter 2026 — 127 photos
   … 5200 imported (2 failed) — 118/min, ~104.0GB
■ My Folders / Events / 2026 / Easter Extravaganza 2026 — 154 photos
   … 5300 imported (2 failed) — 120/min, ~106.0GB
   … 5400 imported (2 failed) — 122/min, ~108.0GB
■ My Folders / Events / 2026 / Jersey Sunday 02.08.2026 — 107 photos
   … 5500 imported (2 failed) — 124/min, ~110.0GB
■ My Folders / Events / 2026 / Jr Freezeout 2026 — 26 photos
■ My Folders / Events / 2026 / Parent Child Dedication 1.18.2026 — 91 photos
   … 5600 imported (2 failed) — 125/min, ~112.0GB
■ My Folders / Events / 2025 / Soteria Ladies / Soteria Ladies' Conference 2025 — 132 photos
   … 5700 imported (2 failed) — 125/min, ~114.0GB
■ My Folders / Events / 2025 / Soteria Ladies / Ladies’ March Connect — 22 photos
   … 5800 imported (2 failed) — 124/min, ~116.0GB
■ My Folders / Events / 2025 / Pie and Praise 2025 — 23 photos
■ My Folders / Events / 2025 / Jersey Sunday - Cereal Bowl Sunday 2025 — 94 photos
   … 5900 imported (2 failed) — 126/min, ~118.0GB
■ My Folders / Events / 2025 / Christmas Eve 2025 — 44 photos
■ My Folders / Events / 2025 / Soteria Kids' Christmas Program 2025 — 92 photos
   … 6000 imported (2 failed) — 128/min, ~120.0GB
■ My Folders / Events / 2025 / Buffalo Plaid Sunday 2025 — 36 photos
■ My Folders / Events / 2025 / Trunk or Treat 2025 — 152 photos
   … 6100 imported (2 failed) — 129/min, ~122.0GB
   … 6200 imported (2 failed) — 130/min, ~124.0GB
■ My Folders / Events / 2025 / Soteria Marriage Retreat 2025 — 30 photos
■ My Folders / Events / 2025 / Lake Ann Camp 2025 (more than Soteria kids) — 517 photos
   … 6300 imported (2 failed) — 131/min, ~126.0GB
   … 6400 imported (2 failed) — 133/min, ~128.0GB
   … 6500 imported (2 failed) — 135/min, ~130.0GB
   … 6600 imported (2 failed) — 136/min, ~132.0GB
   … 6700 imported (2 failed) — 138/min, ~134.0GB
■ My Folders / Events / 2025 / Fall Kick Off & Baptisms 2025 — 92 photos
   … 6800 imported (2 failed) — 139/min, ~136.0GB
■ My Folders / Events / 2025 / Kids4Truth 2025-2026 — 42 photos
   … 6900 imported (2 failed) — 140/min, ~138.0GB
■ My Folders / Events / 2025 / Soteria Sunday Worship June 2025 — 55 photos
■ My Folders / Events / 2025 / Parent Child Dedication June 2025 — 127 photos
   … 7000 imported (2 failed) — 140/min, ~140.0GB
   … 7100 imported (2 failed) — 138/min, ~142.0GB
■ My Folders / Events / 2025 / Vacation Bible School 2025 — 192 photos
   … 7200 imported (2 failed) — 138/min, ~144.0GB
   … 7300 imported (2 failed) — 137/min, ~146.0GB
■ My Folders / Events / 2025 / Father's Day Photos 2025 — 35 photos
■ My Folders / Events / 2025 / Graduation Sunday 05-18-25 — 113 photos
   … 7400 imported (2 failed) — 137/min, ~148.0GB
■ My Folders / Events / 2025 / Mother's Day Photo Booth Station 2025 — 539 photos
   … 7500 imported (2 failed) — 137/min, ~150.0GB
   … 7600 imported (2 failed) — 139/min, ~152.0GB
   … 7700 imported (2 failed) — 140/min, ~154.0GB
   … 7800 imported (2 failed) — 142/min, ~156.0GB
   … 7900 imported (2 failed) — 143/min, ~158.0GB
■ My Folders / Events / 2025 / Groundbreaking Ceremony 04.2025 — 155 photos
   … 8000 imported (2 failed) — 145/min, ~160.0GB
   … 8100 imported (2 failed) — 146/min, ~162.0GB
■ My Folders / Events / 2025 / Easter Services 2025 — 80 photos
   … 8200 imported (2 failed) — 146/min, ~164.0GB
■ My Folders / Events / 2025 / Good Friday Service 2025 — 62 photos
■ My Folders / Events / 2025 / Easter Photo Booth 2025 — 202 photos
   … 8300 imported (2 failed) — 145/min, ~166.0GB
   … 8400 imported (2 failed) — 144/min, ~168.0GB
■ My Folders / Events / 2025 / Easter Extravaganza 2025 — 233 photos
   … 8500 imported (2 failed) — 144/min, ~170.0GB
   … 8600 imported (2 failed) — 144/min, ~172.0GB
   … 8700 imported (2 failed) — 145/min, ~174.0GB
■ My Folders / Events / 2025 / Soteria Students Serve Sunday 03.30.2025 — 75 photos
■ My Folders / Events / 2025 / Josh Smith's Ordination — 55 photos
   … 8800 imported (2 failed) — 142/min, ~176.0GB
■ My Folders / Events / 2025 / Sanctity of Life - Parent Child Dedication 1.19.2025 — 35 photos
■ My Folders / Events / 2018 / 12-01-18 Advent — 19 photos
   … 8900 imported (2 failed) — 141/min, ~178.0GB
■ My Folders / Events / 2021 / 08-29-21 Park Church Launch — 233 photos
   … 9000 imported (2 failed) — 141/min, ~180.0GB
   … 9100 imported (2 failed) — 142/min, ~182.0GB
■ My Folders / Events / 2021 / 09-28-21 Ladies Night of Worship — 8 photos
■ My Folders / Events / 2021 / 06-01-21 VBS — 232 photos
   … 9200 imported (2 failed) — 141/min, ~184.0GB
   … 9300 imported (2 failed) — 140/min, ~186.0GB
■ My Folders / Events / 2021 / 05-09-21 Mother's Day — 47 photos
   … 9400 imported (2 failed) — 140/min, ~188.0GB
■ My Folders / Events / 2021 / 09-01-21 Fall Kick Off — 91 photos
   … 9500 imported (2 failed) — 141/min, ~190.0GB
■ My Folders / Events / 2022 / Easter Extravaganza 2022 — 153 photos
   … 9600 imported (2 failed) — 140/min, ~192.0GB
■ My Folders / Events / 2022 / 09-01-22 Fall Kick Off — 16 photos
■ My Folders / Events / 2022 / 04-02-22 Ladies' Anew Conference — 71 photos
   … 9700 imported (2 failed) — 139/min, ~194.0GB
■ My Folders / Events / 2022 / 12-24-22 Christmas Eve — 430 photos
   … 9800 imported (2 failed) — 139/min, ~196.0GB
   … 9900 imported (2 failed) — 139/min, ~198.0GB
   … 10000 imported (2 failed) — 139/min, ~200.0GB
   … 10100 imported (2 failed) — 140/min, ~202.0GB
■ My Folders / Events / 2023 / Mother's Day Photo Booth 2023 — 81 photos
   … 10200 imported (2 failed) — 140/min, ~204.0GB
■ My Folders / Events / 2023 / 07-04-23 Norwalk 4th of July — 7 photos
■ My Folders / Events / 2023 / Christmas Eve 12-24-23 — 662 photos
   … 10300 imported (2 failed) — 141/min, ~206.0GB
   … 10400 imported (2 failed) — 141/min, ~208.0GB
   … 10500 imported (2 failed) — 141/min, ~210.0GB
   … 10600 imported (2 failed) — 141/min, ~212.0GB
   … 10700 imported (2 failed) — 142/min, ~214.0GB
   … 10800 imported (2 failed) — 142/min, ~216.0GB
   … 10900 imported (2 failed) — 142/min, ~218.0GB
■ My Folders / Events / 2023 / 06-01-23 Parent Child Dedication — 77 photos
   … 11000 imported (2 failed) — 142/min, ~220.0GB
■ My Folders / Events / 2023 / 12-01-23 Kids Christmas Program — 434 photos
   … 11100 imported (2 failed) — 142/min, ~222.0GB
   … 11200 imported (2 failed) — 143/min, ~224.0GB
   … 11300 imported (2 failed) — 143/min, ~226.0GB
   … 11400 imported (2 failed) — 144/min, ~228.0GB
■ My Folders / Events / 2023 / 06-01-23 Senior Sunday, Missionary Grings — 151 photos
   … 11500 imported (2 failed) — 144/min, ~230.0GB
■ My Folders / Events / 2023 / 04-09-23 Easter Family Portraits — 100 photos
   … 11600 imported (2 failed) — 144/min, ~232.0GB
■ My Folders / Events / 2023 / 12-01-23 Ladies' Christmas Dinner — 252 photos
   … 11700 imported (2 failed) — 145/min, ~234.0GB
   … 11800 imported (2 failed) — 145/min, ~236.0GB
   … 11900 imported (2 failed) — 146/min, ~238.0GB
■ My Folders / Events / 2023 / 09-01-23 Fall Kick-Off — 194 photos
   … 12000 imported (2 failed) — 146/min, ~240.0GB
   … 12100 imported (2 failed) — 146/min, ~242.0GB
■ My Folders / Events / 2024 / 01-24-25 Serve Sunday & Classroom Pics — 247 photos
   … 12200 imported (2 failed) — 146/min, ~244.0GB
   … 12300 imported (2 failed) — 147/min, ~246.0GB
■ My Folders / Events / 2024 / Peru Student Mission Trip 2024 — 167 photos
   … 12400 imported (2 failed) — 147/min, ~248.0GB
   … 12500 imported (2 failed) — 148/min, ~250.0GB
■ My Folders / Events / 2024 / Mother's Day Photo Booth 2024 — 145 photos
   … 12600 imported (2 failed) — 148/min, ~252.0GB
   … 12700 imported (2 failed) — 149/min, ~254.0GB
■ My Folders / Events / 2024 / Party with the Pastors 2024 — 61 photos
■ My Folders / Events / 2024 / 07-01-24 Camp Pics — 112 photos
   … 12800 imported (2 failed) — 142/min, ~256.0GB
■ My Folders / Events / 2024 / Father's Day Photo Booth 2024 — 71 photos
   … 12900 imported (2 failed) — 143/min, ~258.0GB
■ My Folders / Events / 2024 / Easter Photo Booth 2024 — 125 photos
   … 13000 imported (2 failed) — 143/min, ~260.0GB
■ My Folders / Events / 2024 / Good Friday Service 2024 — 23 photos
■ My Folders / Events / 2024 / Ladies' Conference 2024 — 139 photos
   … 13100 imported (2 failed) — 143/min, ~262.0GB
   … 13200 imported (2 failed) — 143/min, ~264.0GB
■ My Folders / Events / 2024 / Christmas Eve 12-24-24 — 359 photos
   … 13300 imported (2 failed) — 142/min, ~266.0GB
   … 13400 imported (2 failed) — 141/min, ~268.0GB
   … 13500 imported (2 failed) — 139/min, ~270.0GB
■ My Folders / Events / 2024 / Christmas Photo Booth 2024 — 182 photos
   … 13600 imported (2 failed) — 138/min, ~272.0GB
   … 13700 imported (2 failed) — 138/min, ~274.0GB
■ My Folders / Events / 2024 / Student Ministries Christmas Party 2024 — 33 photos
   … 13800 imported (2 failed) — 138/min, ~276.0GB
■ My Folders / Events / 2024 / Buffalo Plaid Sunday 12-01-24 — 53 photos
■ My Folders / Events / 2024 / Soteria Kids' Christmas Program 2024 — 271 photos
   … 13900 imported (2 failed) — 137/min, ~278.0GB
   … 14000 imported (2 failed) — 137/min, ~280.0GB
   … 14100 imported (2 failed) — 137/min, ~282.0GB
■ My Folders / Events / 2024 / Ladies Christmas Dinner 2024 — 234 photos
   … 14200 imported (2 failed) — 136/min, ~284.0GB
   … 14300 imported (2 failed) — 135/min, ~286.0GB
■ My Folders / Events / 2024 / Pie and Praise 2024 — 169 photos
   … 14400 imported (2 failed) — 135/min, ~288.0GB
   … 14500 imported (2 failed) — 134/min, ~290.0GB
■ My Folders / Events / 2024 / Advent, Choir, People 12-01-24 — 77 photos
   … 14600 imported (2 failed) — 134/min, ~292.0GB
■ My Folders / Events / 2024 / Ladies Connect - November 2024 — 54 photos
■ My Folders / Events / 2024 / Soteria Men's Breakfast — 42 photos
   … 14700 imported (2 failed) — 134/min, ~294.0GB
■ My Folders / Events / 2024 / Trunk or Treat 2024 — 58 photos
■ My Folders / Events / 2024 / Serve Sunday 5.2.2024 — 174 photos
   … 14800 imported (2 failed) — 134/min, ~296.0GB
   … 14900 imported (2 failed) — 134/min, ~298.0GB
■ My Folders / Events / 2024 / Segerstrom Farewell 2024 — 305 photos
   … 15000 imported (2 failed) — 132/min, ~300.0GB
   … 15100 imported (2 failed) — 132/min, ~302.0GB
   … 15200 imported (2 failed) — 132/min, ~304.0GB
■ My Folders / Events / 2024 / Easter Congregation 2024 — 33 photos
■ My Folders / Events / 2024 / Vacation Bible School 2024 — 189 photos
   … 15300 imported (2 failed) — 132/min, ~306.0GB
   … 15400 imported (2 failed) — 132/min, ~308.0GB
■ My Folders / Events / 2024 / Parent - Child Dedication 1.21.2024 — 52 photos
   … 15500 imported (2 failed) — 133/min, ~310.0GB
■ My Folders / Events / 2024 / Soteria Sunday 3.17.2024 — 265 photos
   … 15600 imported (2 failed) — 132/min, ~312.0GB
   … 15700 imported (2 failed) — 132/min, ~314.0GB
■ My Folders / Events / 2024 / 05-19-24 Building Beyond Walls — 90 photos
   … 15800 imported (2 failed) — 131/min, ~316.0GB
■ My Folders / Events / 2024 / Easter Extravaganza 2024 — 166 photos
   … 15900 imported (2 failed) — 131/min, ~318.0GB
   … 16000 imported (2 failed) — 131/min, ~320.0GB
■ My Folders / Events / 2024 / Fall Kickoff 09-08-24 — 64 photos
   … 16100 imported (2 failed) — 131/min, ~322.0GB
■ My Folders / Events / 2024 / Parent - Child Dedication 6.16.2024 — 38 photos
■ My Folders / Website — 22 photos
■ My Folders / Baptism Sunday 05.17.2026 — 80 photos
   … 16200 imported (2 failed) — 132/min, ~324.0GB
■ My Folders / Website 2026 — 44 photos
■ My Folders / Ministry Report 2025 — 83 photos
   … 16300 imported (2 failed) — 132/min, ~326.0GB
■ My Folders / FAM Pics — 13 photos
■ My Folders / Harlan Tribute — 0 photos
■ My Folders / Missions Pics — 81 photos
   … 16400 imported (2 failed) — 133/min, ~328.0GB

Done. Imported 16450, skipped 61, failed 2.
Next: node scripts/backfill-tags.mjs   # AI-tag the archive
